2025-06-23T15:54:47.703310+0200 INFO Model loaded from MLflow run ID: 6b31266aceae4f48bd4c2dcd45bc988f
2025-06-23T15:54:47.706308+0200 ERROR Erreur lors de la prédiction: columns are missing: {'loyer_mensuel_missing', 'score_credit_missing', 'historique_credits_missing'}
2025-06-23T17:08:38.233786+0200 INFO Model loaded from MLflow run ID: 6b31266aceae4f48bd4c2dcd45bc988f
2025-06-23T17:08:38.336790+0200 ERROR Erreur lors de la prédiction: The feature names should match those that were passed during fit.
Feature names must be in the same order as they were in fit.

2025-06-23T17:12:07.521604+0200 INFO Model loaded from MLflow run ID: 6b31266aceae4f48bd4c2dcd45bc988f
2025-06-23T17:12:07.526604+0200 ERROR Erreur lors de la prédiction: The feature names should match those that were passed during fit.
Feature names must be in the same order as they were in fit.

2025-06-23T17:13:58.953801+0200 INFO Model loaded from MLflow run ID: 6b31266aceae4f48bd4c2dcd45bc988f
2025-06-24T09:19:14.554770+0200 INFO Model loaded from MLflow run ID: 6b31266aceae4f48bd4c2dcd45bc988f
2025-06-24T09:19:14.555768+0200 INFO Payload received: {'age': 0, 'taille': 0.0, 'poids': 0.0, 'nb_enfants': 0, 'quotient_caf': 0.0, 'sport_licence': 'string', 'niveau_etude': 'string', 'region': 'string', 'smoker': 'string', 'revenu_estime_mois': 0, 'situation_familiale': 'string', 'risque_personnel': 0.0, 'loyer_mensuel': 0.0, 'score_credit_missing': 0, 'historique_credits_missing': 0, 'loyer_mensuel_missing': 0}
2025-06-24T09:19:14.555768+0200 INFO Columns expected by the model: ['age', 'taille', 'poids', 'nb_enfants', 'quotient_caf', 'revenu_estime_mois', 'risque_personnel', 'loyer_mensuel', 'score_credit', 'historique_credits', 'loyer_mensuel', 'score_credit_missing', 'historique_credits_missing', 'loyer_mensuel_missing', 'sport_licence', 'niveau_etude', 'region', 'smoker', 'situation_familiale']
2025-06-24T09:25:48.628448+0200 INFO Route '/predict_loandata42' appelée avec données: {'age': 30, 'taille': 175.0, 'poids': 70.0, 'nb_enfants': 2, 'quotient_caf': 1.2, 'sport_licence': 'oui', 'niveau_etude': 'bac+2', 'region': 'IDF', 'smoker': 'non', 'revenu_estime_mois': 2500, 'situation_familiale': 'marié', 'risque_personnel': 0.1, 'loyer_mensuel': 900.0}
2025-06-24T09:25:52.857646+0200 INFO Model loaded from MLflow run ID: 6b31266aceae4f48bd4c2dcd45bc988f
2025-06-24T09:25:52.859648+0200 INFO Payload received: {'age': 30, 'taille': 175.0, 'poids': 70.0, 'nb_enfants': 2, 'quotient_caf': 1.2, 'sport_licence': 'oui', 'niveau_etude': 'bac+2', 'region': 'IDF', 'smoker': 'non', 'revenu_estime_mois': 2500, 'situation_familiale': 'marié', 'risque_personnel': 0.1, 'loyer_mensuel': 900.0, 'score_credit_missing': 0, 'historique_credits_missing': 0, 'loyer_mensuel_missing': 0}
2025-06-24T09:25:52.859648+0200 INFO Columns expected by the model: ['age', 'taille', 'poids', 'nb_enfants', 'quotient_caf', 'revenu_estime_mois', 'risque_personnel', 'loyer_mensuel', 'score_credit', 'historique_credits', 'loyer_mensuel', 'score_credit_missing', 'historique_credits_missing', 'loyer_mensuel_missing', 'score_credit', 'historique_credits', 'loyer_mensuel', 'score_credit_missing', 'historique_credits_missing', 'loyer_mensuel_missing', 'sport_licence', 'niveau_etude', 'region', 'smoker', 'situation_familiale']
2025-06-24T09:27:38.690263+0200 INFO Route '/predict_loandata42' appelée avec données: {'age': 30, 'taille': 175.0, 'poids': 70.0, 'nb_enfants': 2, 'quotient_caf': 1.2, 'sport_licence': 'oui', 'niveau_etude': 'bac+2', 'region': 'Île-de-Franc', 'smoker': 'non', 'revenu_estime_mois': 2500, 'situation_familiale': 'marié', 'risque_personnel': 0.1, 'loyer_mensuel': 900.0}
2025-06-24T09:27:43.046654+0200 INFO Model loaded from MLflow run ID: 6b31266aceae4f48bd4c2dcd45bc988f
2025-06-24T09:27:43.048654+0200 INFO Payload received: {'age': 30, 'taille': 175.0, 'poids': 70.0, 'nb_enfants': 2, 'quotient_caf': 1.2, 'sport_licence': 'oui', 'niveau_etude': 'bac+2', 'region': 'Île-de-Franc', 'smoker': 'non', 'revenu_estime_mois': 2500, 'situation_familiale': 'marié', 'risque_personnel': 0.1, 'loyer_mensuel': 900.0, 'score_credit_missing': 0, 'historique_credits_missing': 0, 'loyer_mensuel_missing': 0}
2025-06-24T09:27:43.048654+0200 INFO Columns expected by the model: ['age', 'taille', 'poids', 'nb_enfants', 'quotient_caf', 'revenu_estime_mois', 'risque_personnel', 'loyer_mensuel', 'score_credit', 'historique_credits', 'loyer_mensuel', 'score_credit_missing', 'historique_credits_missing', 'loyer_mensuel_missing', 'score_credit', 'historique_credits', 'loyer_mensuel', 'score_credit_missing', 'historique_credits_missing', 'loyer_mensuel_missing', 'score_credit', 'historique_credits', 'loyer_mensuel', 'score_credit_missing', 'historique_credits_missing', 'loyer_mensuel_missing', 'sport_licence', 'niveau_etude', 'region', 'smoker', 'situation_familiale']
2025-06-24T09:29:40.487407+0200 INFO Model loaded from MLflow run ID: 6b31266aceae4f48bd4c2dcd45bc988f
2025-06-24T09:29:40.489408+0200 INFO Payload received: {'age': 30, 'taille': 175.0, 'poids': 70.0, 'nb_enfants': 2, 'quotient_caf': 1.2, 'sport_licence': 'oui', 'niveau_etude': 'bac+2', 'region': 'Île-de-France', 'smoker': 'non', 'revenu_estime_mois': 2500, 'situation_familiale': 'marié', 'risque_personnel': 0.1, 'loyer_mensuel': 900.0, 'score_credit_missing': 0, 'historique_credits_missing': 0, 'loyer_mensuel_missing': 0}
2025-06-24T09:29:40.489408+0200 INFO Columns expected by the model: ['age', 'taille', 'poids', 'nb_enfants', 'quotient_caf', 'revenu_estime_mois', 'risque_personnel', 'loyer_mensuel', 'score_credit', 'historique_credits', 'loyer_mensuel', 'score_credit_missing', 'historique_credits_missing', 'loyer_mensuel_missing', 'sport_licence', 'niveau_etude', 'region', 'smoker', 'situation_familiale']
2025-06-24T09:29:40.492407+0200 ERROR Erreur lors de la prédiction: The feature names should match those that were passed during fit.
Feature names must be in the same order as they were in fit.

2025-06-24T09:54:46.409069+0200 INFO Model loaded from MLflow run ID: 6b31266aceae4f48bd4c2dcd45bc988f
2025-06-24T09:54:46.412070+0200 INFO X_input columns: ['age', 'taille', 'poids', 'nb_enfants', 'quotient_caf', 'revenu_estime_mois', 'risque_personnel', 'loyer_mensuel', 'score_credit', 'historique_credits', 'score_credit_missing', 'historique_credits_missing', 'loyer_mensuel_missing', 'sport_licence', 'niveau_etude', 'region', 'smoker', 'situation_familiale']
2025-06-24T09:54:46.412070+0200 INFO X_input values: [[30, 175.0, 70.0, 2, 1.2, 2500, 0.1, 900.0, 0, 0, 0, 0, 0, 'oui', 'bac+2', 'Île-de-France', 'non', 'marié']]
2025-06-24T09:54:48.165378+0200 INFO Prediction made: [8097.1562], prediction value: 8097.15625
2025-06-24T10:15:03.534499+0200 INFO Model loaded from MLflow run ID: 6b31266aceae4f48bd4c2dcd45bc988f
2025-06-24T10:15:03.537500+0200 INFO X_input columns: ['age', 'taille', 'poids', 'nb_enfants', 'quotient_caf', 'revenu_estime_mois', 'risque_personnel', 'loyer_mensuel', 'score_credit', 'historique_credits', 'score_credit_missing', 'historique_credits_missing', 'loyer_mensuel_missing', 'sport_licence', 'niveau_etude', 'region', 'smoker', 'situation_familiale']
2025-06-24T10:15:03.537500+0200 INFO X_input values: [[48, 175.0, 70.0, 2, 1.2, 15000, 0.1, 900.0, 0, 0, 0, 0, 0, 'oui', 'bac+2', 'Île-de-France', 'non', 'marié']]
2025-06-24T10:15:03.649499+0200 INFO Prediction made: [48023.344], prediction value: 48023.34375
